<?xml version="1.0" encoding="UTF-8"?>
<!-- Generated by org.testng.reporters.JUnitReportReporter -->
<testsuite hostname="ankitasi-win10" failures="0" tests="2" name="APITest" time="4.249" errors="0" timestamp="2023-05-03T17:30:06 IST" skipped="0">
  <testcase classname="APITest" name="testApiWithBDD" time="0.355"/>
  <system-out/>
  <testcase classname="APITest" name="testAPIResponse" time="3.894"/>
  <system-out/>
</testsuite> <!-- APITest -->
